{"contracts/Registration.sol":{"l":{"14":3,"33":4,"34":2,"47":2,"48":2,"55":3,"59":1},"path":"/home/yahya/Documents/GitHub/dApp-nodeJS-webpack/app/contracts/Registration.sol","s":{"1":3,"2":4,"3":2,"4":2,"5":3,"6":1},"b":{"1":[2,2],"2":[1,2]},"f":{"1":3,"2":4,"3":2,"4":3},"fnMap":{"1":{"name":"constructor","line":13,"loc":{"start":{"line":13,"column":4},"end":{"line":15,"column":4}}},"2":{"name":"onlyOwner","line":32,"loc":{"start":{"line":32,"column":4},"end":{"line":35,"column":4}}},"3":{"name":"registerUser","line":46,"loc":{"start":{"line":42,"column":4},"end":{"line":49,"column":4}}},"4":{"name":"send","line":54,"loc":{"start":{"line":54,"column":4},"end":{"line":60,"column":4}}}},"statementMap":{"1":{"start":{"line":14,"column":8},"end":{"line":14,"column":25}},"2":{"start":{"line":33,"column":8},"end":{"line":33,"column":70}},"3":{"start":{"line":47,"column":8},"end":{"line":47,"column":48}},"4":{"start":{"line":48,"column":8},"end":{"line":48,"column":43}},"5":{"start":{"line":55,"column":8},"end":{"line":55,"column":1623}},"6":{"start":{"line":59,"column":8},"end":{"line":59,"column":41}}},"branchMap":{"1":{"line":33,"type":"if","locations":[{"start":{"line":33,"column":8},"end":{"line":33,"column":8}},{"start":{"line":33,"column":8},"end":{"line":33,"column":8}}]},"2":{"line":55,"type":"if","locations":[{"start":{"line":55,"column":8},"end":{"line":55,"column":8}},{"start":{"line":55,"column":8},"end":{"line":55,"column":8}}]}}}}